# JRE version: OpenJDK Runtime Environment (8.0_292-b10) (build 1.8.0_292-8u292-b10-0ubuntu1~16.04.1-b10)
# Java VM: OpenJDK 64-Bit Server VM (25.292-b10 mixed mode linux-amd64 compressed oops)
Heap:
 PSYoungGen      total 155648K, used 130221K [0x00000000f5580000, 0x0000000100000000, 0x0000000100000000)
  eden space 137728K, 92% used [0x00000000f5580000,0x00000000fd1c2328,0x00000000fdc00000)
  from space 17920K, 16% used [0x00000000fdc00000,0x00000000fdee9108,0x00000000fed80000)
  to   space 17920K, 0% used [0x00000000fee80000,0x00000000fee80000,0x0000000100000000)
 ParOldGen       total 88064K, used 32774K [0x00000000e0000000, 0x00000000e5600000, 0x00000000f5580000)
  object space 88064K, 37% used [0x00000000e0000000,0x00000000e20018a8,0x00000000e5600000)
 Metaspace       used 109164K, capacity 119531K, committed 119768K, reserved 1153024K
  class space    used 14989K, capacity 15789K, committed 15872K, reserved 1048576K
GC Heap History (10 events):
Event: 24.933 GC heap before
{Heap before GC invocations=17 (full 3):
 PSYoungGen      total 158208K, used 49050K [0x00000000f5580000, 0x0000000100000000, 0x0000000100000000)
  eden space 141824K, 23% used [0x00000000f5580000,0x00000000f756c080,0x00000000fe000000)
  from space 16384K, 99% used [0x00000000fe000000,0x00000000feffa970,0x00000000ff000000)
  to   space 16384K, 0% used [0x00000000ff000000,0x00000000ff000000,0x0000000100000000)
 ParOldGen       total 67584K, used 16819K [0x00000000e0000000, 0x00000000e4200000, 0x00000000f5580000)
  object space 67584K, 24% used [0x00000000e0000000,0x00000000e106ceb0,0x00000000e4200000)
 Metaspace       used 91334K, capacity 98301K, committed 98380K, reserved 1134592K
  class space    used 12600K, capacity 13169K, committed 13184K, reserved 1048576K
Event: 24.956 GC heap after
Heap after GC invocations=17 (full 3):
 PSYoungGen      total 154112K, used 5271K [0x00000000f5580000, 0x0000000100000000, 0x0000000100000000)
  eden space 137728K, 0% used [0x00000000f5580000,0x00000000f5580000,0x00000000fdc00000)
  from space 16384K, 32% used [0x00000000ff000000,0x00000000ff525d60,0x0000000100000000)
  to   space 18432K, 0% used [0x00000000fdc00000,0x00000000fdc00000,0x00000000fee00000)
 ParOldGen       total 67584K, used 21711K [0x00000000e0000000, 0x00000000e4200000, 0x00000000f5580000)
  object space 67584K, 32% used [0x00000000e0000000,0x00000000e1533d68,0x00000000e4200000)
 Metaspace       used 91334K, capacity 98301K, committed 98380K, reserved 1134592K
  class space    used 12600K, capacity 13169K, committed 13184K, reserved 1048576K
}
Event: 24.956 GC heap before
{Heap before GC invocations=18 (full 4):
 PSYoungGen      total 154112K, used 5271K [0x00000000f5580000, 0x0000000100000000, 0x0000000100000000)
  eden space 137728K, 0% used [0x00000000f5580000,0x00000000f5580000,0x00000000fdc00000)
  from space 16384K, 32% used [0x00000000ff000000,0x00000000ff525d60,0x0000000100000000)
  to   space 18432K, 0% used [0x00000000fdc00000,0x00000000fdc00000,0x00000000fee00000)
 ParOldGen       total 67584K, used 21711K [0x00000000e0000000, 0x00000000e4200000, 0x00000000f5580000)
  object space 67584K, 32% used [0x00000000e0000000,0x00000000e1533d68,0x00000000e4200000)
 Metaspace       used 91334K, capacity 98301K, committed 98380K, reserved 1134592K
  class space    used 12600K, capacity 13169K, committed 13184K, reserved 1048576K
Event: 25.167 GC heap after
Heap after GC invocations=18 (full 4):
 PSYoungGen      total 154112K, used 0K [0x00000000f5580000, 0x0000000100000000, 0x0000000100000000)
  eden space 137728K, 0% used [0x00000000f5580000,0x00000000f5580000,0x00000000fdc00000)
  from space 16384K, 0% used [0x00000000ff000000,0x00000000ff000000,0x0000000100000000)
  to   space 18432K, 0% used [0x00000000fdc00000,0x00000000fdc00000,0x00000000fee00000)
 ParOldGen       total 88064K, used 24778K [0x00000000e0000000, 0x00000000e5600000, 0x00000000f5580000)
  object space 88064K, 28% used [0x00000000e0000000,0x00000000e1832a80,0x00000000e5600000)
 Metaspace       used 91331K, capacity 98295K, committed 98380K, reserved 1134592K
  class space    used 12599K, capacity 13168K, committed 13184K, reserved 1048576K
}
Event: 27.750 GC heap before
{Heap before GC invocations=19 (full 4):
 PSYoungGen      total 154112K, used 137728K [0x00000000f5580000, 0x0000000100000000, 0x0000000100000000)
  eden space 137728K, 100% used [0x00000000f5580000,0x00000000fdc00000,0x00000000fdc00000)
  from space 16384K, 0% used [0x00000000ff000000,0x00000000ff000000,0x0000000100000000)
  to   space 18432K, 0% used [0x00000000fdc00000,0x00000000fdc00000,0x00000000fee00000)
 ParOldGen       total 88064K, used 24778K [0x00000000e0000000, 0x00000000e5600000, 0x00000000f5580000)
  object space 88064K, 28% used [0x00000000e0000000,0x00000000e1832a80,0x00000000e5600000)
 Metaspace       used 101180K, capacity 109415K, committed 109656K, reserved 1144832K
  class space    used 13977K, capacity 14640K, committed 14720K, reserved 1048576K
Event: 27.773 GC heap after
Heap after GC invocations=19 (full 4):
 PSYoungGen      total 156160K, used 10995K [0x00000000f5580000, 0x0000000100000000, 0x0000000100000000)
  eden space 137728K, 0% used [0x00000000f5580000,0x00000000f5580000,0x00000000fdc00000)
  from space 18432K, 59% used [0x00000000fdc00000,0x00000000fe6bcd08,0x00000000fee00000)
  to   space 18432K, 0% used [0x00000000fee00000,0x00000000fee00000,0x0000000100000000)
 ParOldGen       total 88064K, used 24786K [0x00000000e0000000, 0x00000000e5600000, 0x00000000f5580000)
  object space 88064K, 28% used [0x00000000e0000000,0x00000000e1834a80,0x00000000e5600000)
 Metaspace       used 101180K, capacity 109415K, committed 109656K, reserved 1144832K
  class space    used 13977K, capacity 14640K, committed 14720K, reserved 1048576K
}
Event: 33.406 GC heap before
{Heap before GC invocations=20 (full 4):
 PSYoungGen      total 156160K, used 148723K [0x00000000f5580000, 0x0000000100000000, 0x0000000100000000)
  eden space 137728K, 100% used [0x00000000f5580000,0x00000000fdc00000,0x00000000fdc00000)
  from space 18432K, 59% used [0x00000000fdc00000,0x00000000fe6bcd08,0x00000000fee00000)
  to   space 18432K, 0% used [0x00000000fee00000,0x00000000fee00000,0x0000000100000000)
 ParOldGen       total 88064K, used 24786K [0x00000000e0000000, 0x00000000e5600000, 0x00000000f5580000)
  object space 88064K, 28% used [0x00000000e0000000,0x00000000e1834a80,0x00000000e5600000)
 Metaspace       used 106275K, capacity 116299K, committed 116440K, reserved 1150976K
  class space    used 14841K, capacity 15608K, committed 15616K, reserved 1048576K
Event: 33.430 GC heap after
Heap after GC invocations=20 (full 4):
 PSYoungGen      total 155136K, used 7170K [0x00000000f5580000, 0x00000000fff00000, 0x0000000100000000)
  eden space 137728K, 0% used [0x00000000f5580000,0x00000000f5580000,0x00000000fdc00000)
  from space 17408K, 41% used [0x00000000fee00000,0x00000000ff500930,0x00000000fff00000)
  to   space 17920K, 0% used [0x00000000fdc00000,0x00000000fdc00000,0x00000000fed80000)
 ParOldGen       total 88064K, used 29001K [0x00000000e0000000, 0x00000000e5600000, 0x00000000f5580000)
  object space 88064K, 32% used [0x00000000e0000000,0x00000000e1c52510,0x00000000e5600000)
 Metaspace       used 106275K, capacity 116299K, committed 116440K, reserved 1150976K
  class space    used 14841K, capacity 15608K, committed 15616K, reserved 1048576K
}
Event: 48.764 GC heap before
{Heap before GC invocations=21 (full 4):
 PSYoungGen      total 155136K, used 144898K [0x00000000f5580000, 0x00000000fff00000, 0x0000000100000000)
  eden space 137728K, 100% used [0x00000000f5580000,0x00000000fdc00000,0x00000000fdc00000)
  from space 17408K, 41% used [0x00000000fee00000,0x00000000ff500930,0x00000000fff00000)
  to   space 17920K, 0% used [0x00000000fdc00000,0x00000000fdc00000,0x00000000fed80000)
 ParOldGen       total 88064K, used 29001K [0x00000000e0000000, 0x00000000e5600000, 0x00000000f5580000)
  object space 88064K, 32% used [0x00000000e0000000,0x00000000e1c52510,0x00000000e5600000)
 Metaspace       used 108460K, capacity 118835K, committed 119000K, reserved 1153024K
  class space    used 14982K, capacity 15781K, committed 15872K, reserved 1048576K
Event: 48.787 GC heap after
Heap after GC invocations=21 (full 4):
 PSYoungGen      total 155648K, used 2980K [0x00000000f5580000, 0x0000000100000000, 0x0000000100000000)
  eden space 137728K, 0% used [0x00000000f5580000,0x00000000f5580000,0x00000000fdc00000)
  from space 17920K, 16% used [0x00000000fdc00000,0x00000000fdee9108,0x00000000fed80000)
  to   space 17920K, 0% used [0x00000000fee80000,0x00000000fee80000,0x0000000100000000)
 ParOldGen       total 88064K, used 32774K [0x00000000e0000000, 0x00000000e5600000, 0x00000000f5580000)
  object space 88064K, 37% used [0x00000000e0000000,0x00000000e20018a8,0x00000000e5600000)
 Metaspace       used 108460K, capacity 118835K, committed 119000K, reserved 1153024K
  class space    used 14982K, capacity 15781K, committed 15872K, reserved 1048576K
}

